<?xml version="1.0" encoding="UTF-8"?>
<!-- Generated by org.testng.reporters.JUnitReportReporter -->
<testsuite hostname="Ahmeds-MacBook-Pro.local" failures="0" tests="1" name="apiTests.PetStoreApi_Tests" time="1.583" errors="0" timestamp="2022-02-20T18:23:49 EST" skipped="0">
  <testcase classname="apiTests.PetStoreApi_Tests" name="getPetByID" time="1.583"/>
  <system-out/>
</testsuite> <!-- apiTests.PetStoreApi_Tests -->
